c:\users\norman\desktop\dx11tut22\engine\directxtk\bin\windows81\win32\debug\directxtk.pch
c:\users\norman\desktop\dx11tut22\engine\directxtk\bin\windows81\win32\debug\directxtk.pdb
c:\users\norman\desktop\dx11tut22\engine\directxtk\bin\windows81\win32\debug\directxtk.idb
c:\users\norman\desktop\dx11tut22\engine\directxtk\bin\windows81\win32\debug\pch.obj
c:\users\norman\desktop\dx11tut22\engine\directxtk\bin\windows81\win32\debug\wavfilereader.obj
c:\users\norman\desktop\dx11tut22\engine\directxtk\bin\windows81\win32\debug\soundeffectinstance.obj
c:\users\norman\desktop\dx11tut22\engine\directxtk\bin\windows81\win32\debug\wavebank.obj
c:\users\norman\desktop\dx11tut22\engine\directxtk\bin\windows81\win32\debug\audioengine.obj
c:\users\norman\desktop\dx11tut22\engine\directxtk\bin\windows81\win32\debug\wavebankreader.obj
c:\users\norman\desktop\dx11tut22\engine\directxtk\bin\windows81\win32\debug\soundeffect.obj
c:\users\norman\desktop\dx11tut22\engine\directxtk\bin\windows81\win32\debug\soundcommon.obj
c:\users\norman\desktop\dx11tut22\engine\directxtk\bin\windows81\win32\debug\effectcommon.obj
c:\users\norman\desktop\dx11tut22\engine\directxtk\bin\windows81\win32\debug\model.obj
c:\users\norman\desktop\dx11tut22\engine\directxtk\bin\windows81\win32\debug\spritebatch.obj
c:\users\norman\desktop\dx11tut22\engine\directxtk\bin\windows81\win32\debug\ddstextureloader.obj
c:\users\norman\desktop\dx11tut22\engine\directxtk\bin\windows81\win32\debug\dualtextureeffect.obj
c:\users\norman\desktop\dx11tut22\engine\directxtk\bin\windows81\win32\debug\modelloadvbo.obj
c:\users\norman\desktop\dx11tut22\engine\directxtk\bin\windows81\win32\debug\spritefont.obj
c:\users\norman\desktop\dx11tut22\engine\directxtk\bin\windows81\win32\debug\dgsleffectfactory.obj
c:\users\norman\desktop\dx11tut22\engine\directxtk\bin\windows81\win32\debug\modelloadsdkmesh.obj
c:\users\norman\desktop\dx11tut22\engine\directxtk\bin\windows81\win32\debug\dgsleffect.obj
c:\users\norman\desktop\dx11tut22\engine\directxtk\bin\windows81\win32\debug\geometricprimitive.obj
c:\users\norman\desktop\dx11tut22\engine\directxtk\bin\windows81\win32\debug\vertextypes.obj
c:\users\norman\desktop\dx11tut22\engine\directxtk\bin\windows81\win32\debug\alphatesteffect.obj
c:\users\norman\desktop\dx11tut22\engine\directxtk\bin\windows81\win32\debug\environmentmapeffect.obj
c:\users\norman\desktop\dx11tut22\engine\directxtk\bin\windows81\win32\debug\simplemath.obj
c:\users\norman\desktop\dx11tut22\engine\directxtk\bin\windows81\win32\debug\basiceffect.obj
c:\users\norman\desktop\dx11tut22\engine\directxtk\bin\windows81\win32\debug\gamepad.obj
c:\users\norman\desktop\dx11tut22\engine\directxtk\bin\windows81\win32\debug\screengrab.obj
c:\users\norman\desktop\dx11tut22\engine\directxtk\bin\windows81\win32\debug\primitivebatch.obj
c:\users\norman\desktop\dx11tut22\engine\directxtk\bin\windows81\win32\debug\dynamicsoundeffectinstance.obj
c:\users\norman\desktop\dx11tut22\engine\directxtk\bin\windows81\win32\debug\effectfactory.obj
c:\users\norman\desktop\dx11tut22\engine\directxtk\bin\windows81\win32\debug\skinnedeffect.obj
c:\users\norman\desktop\dx11tut22\engine\directxtk\bin\windows81\win32\debug\commonstates.obj
c:\users\norman\desktop\dx11tut22\engine\directxtk\bin\windows81\win32\debug\binaryreader.obj
c:\users\norman\desktop\dx11tut22\engine\directxtk\bin\windows81\win32\debug\modelloadcmo.obj
c:\users\norman\desktop\dx11tut22\engine\directxtk\bin\windows81\win32\debug\wictextureloader.obj
c:\users\norman\desktop\dx11tut22\engine\directxtk\bin\windows81\win32\debug\directxtk_windows81.vcxprojresolveassemblyreference.cache
c:\users\norman\desktop\dx11tut22\engine\directxtk\bin\windows81\win32\debug\directxtk.lib
c:\users\norman\desktop\dx11tut22\engine\directxtk\bin\windows81\win32\debug\priconfig.xml
c:\users\norman\desktop\dx11tut22\engine\directxtk\bin\windows81\win32\debug\priconfig.xml.intermediate
c:\users\norman\desktop\dx11tut22\engine\directxtk\bin\windows81\win32\debug\layout.resfiles
c:\users\norman\desktop\dx11tut22\engine\directxtk\bin\windows81\win32\debug\layout.resfiles.intermediate
c:\users\norman\desktop\dx11tut22\engine\directxtk\bin\windows81\win32\debug\resources.resfiles
c:\users\norman\desktop\dx11tut22\engine\directxtk\bin\windows81\win32\debug\resources.resfiles.intermediate
c:\users\norman\desktop\dx11tut22\engine\directxtk\bin\windows81\win32\debug\pri.resfiles
c:\users\norman\desktop\dx11tut22\engine\directxtk\bin\windows81\win32\debug\pri.resfiles.intermediate
c:\users\norman\desktop\dx11tut22\engine\directxtk\bin\windows81\win32\debug\directxtk.pri
c:\users\norman\desktop\dx11tut22\engine\directxtk\bin\windows81\win32\debug\qualifiers.txt
c:\users\norman\desktop\dx11tut22\engine\directxtk\bin\windows81\win32\debug\qualifiers.txt.intermediate
c:\users\norman\desktop\dx11tut22\engine\directxtk\bin\windows81\win32\debug\multiplequalifiersperdimensionfound.txt
c:\users\norman\desktop\dx11tut22\engine\directxtk\bin\windows81\win32\debug\directxt.e0b52ae7.tlog\cl.command.1.tlog
c:\users\norman\desktop\dx11tut22\engine\directxtk\bin\windows81\win32\debug\directxt.e0b52ae7.tlog\cl.read.1.tlog
c:\users\norman\desktop\dx11tut22\engine\directxtk\bin\windows81\win32\debug\directxt.e0b52ae7.tlog\cl.write.1.tlog
c:\users\norman\desktop\dx11tut22\engine\directxtk\bin\windows81\win32\debug\directxt.e0b52ae7.tlog\directxtk_windows81.read.1u.tlog
c:\users\norman\desktop\dx11tut22\engine\directxtk\bin\windows81\win32\debug\directxt.e0b52ae7.tlog\directxtk_windows81.write.1u.tlog
c:\users\norman\desktop\dx11tut22\engine\directxtk\bin\windows81\win32\debug\directxt.e0b52ae7.tlog\lib-link.read.1.tlog
c:\users\norman\desktop\dx11tut22\engine\directxtk\bin\windows81\win32\debug\directxt.e0b52ae7.tlog\lib-link.write.1.tlog
c:\users\norman\desktop\dx11tut22\engine\directxtk\bin\windows81\win32\debug\directxt.e0b52ae7.tlog\lib.command.1.tlog
