Base path: F:/Program Files (x86)/Unity/Editor/Data
Pipe name: \\.\pipe\UnityShaderCompiler-1-7572
Cmd: getPlatforms
Cmd: preprocess
  insize=1034 outsize=462 ok=1
Cmd: compileSnippet
  api=4 type=0 insize=874 outsize=1071 kw= ok=1
Cmd: compileSnippet
  api=4 type=1 insize=874 outsize=843 kw= ok=1
Cmd: preprocess
  insize=974 outsize=444 ok=1
Cmd: compileSnippet
  api=4 type=0 insize=832 outsize=1071 kw= ok=1
Cmd: compileSnippet
  api=4 type=1 insize=832 outsize=600 kw= ok=1
Cmd: preprocess
  insize=883 outsize=353 ok=1
Cmd: compileSnippet
  api=4 type=0 insize=832 outsize=1071 kw= ok=1
Cmd: compileSnippet
  api=4 type=1 insize=832 outsize=600 kw= ok=1
Cmd: compileSnippet
  api=0 type=0 insize=874 outsize=365 kw= ok=1
Cmd: compileSnippet
  api=1 type=1 insize=874 outsize=175 kw= ok=1
Cmd: compileSnippet
  api=1 type=0 insize=832 outsize=145 kw= ok=1
Cmd: compileSnippet
  api=1 type=1 insize=832 outsize=59 kw= ok=1
Cmd: compileSnippet
  api=1 type=0 insize=832 outsize=145 kw= ok=1
