Build started 2/5/2015 3:44:16 PM.
     1>Project "C:\VR-Monitors\DirectX Version\OculusRoomTiny.vcxproj" on node 2 (Build target(s)).
     1>ClCompile:
         C:\Program Files (x86)\Microsoft Visual Studio 12.0\VC\bin\CL.exe /c /IDirectXTex /ILibOVR/Include /ILibOVR/Src /Z7 /nologo /W4 /WX- /MP /Od /Oy- /D OVR_BUILD_DEBUG /D WIN32 /D _DEBUG /D _WINDOWS /D _UNICODE /D UNICODE /Gm- /EHsc /RTC1 /MTd /GS /fp:precise /Zc:wchar_t /Zc:forScope /Fo"Obj/Debug/Win32/" /Fd"Obj/Debug/Win32/vc120.pdb" /Gd /TP /analyze- /errorReport:prompt source\Win32_RoomTiny_Main.cpp source\model.cpp source\scene.cpp
         Win32_RoomTiny_Main.cpp
         model.cpp
         scene.cpp
     1>source\model.cpp(97): warning C4316: 'DirectX::XMMATRIX' : object allocated on the heap may not be aligned 16
     1>source\model.cpp(98): warning C4316: 'DirectX::XMMATRIX' : object allocated on the heap may not be aligned 16
     1>source\model.cpp(99): warning C4316: 'DirectX::XMMATRIX' : object allocated on the heap may not be aligned 16
     1>source\model.cpp(112): warning C4018: '<' : signed/unsigned mismatch
     1>source\model.cpp(114): warning C4244: '=' : conversion from 'double' to 'float', possible loss of data
     1>source\model.cpp(116): warning C4018: '<' : signed/unsigned mismatch
     1>source\model.cpp(118): warning C4244: '=' : conversion from 'double' to 'float', possible loss of data
     1>source\model.cpp(129): warning C4018: '<' : signed/unsigned mismatch
     1>source\model.cpp(131): warning C4244: '=' : conversion from 'double' to 'float', possible loss of data
     1>source\model.cpp(133): warning C4018: '<' : signed/unsigned mismatch
     1>source\model.cpp(135): warning C4244: '=' : conversion from 'double' to 'float', possible loss of data
     1>source\model.cpp(150): warning C4018: '<' : signed/unsigned mismatch
     1>source\model.cpp(163): warning C4018: '<' : signed/unsigned mismatch
     1>source\model.cpp(165): warning C4018: '<' : signed/unsigned mismatch
     1>source\model.cpp(189): warning C4018: '<' : signed/unsigned mismatch
     1>source\model.cpp(201): warning C4018: '<' : signed/unsigned mismatch
     1>source\model.cpp(209): warning C4018: '<' : signed/unsigned mismatch
     1>source\model.cpp(211): warning C4018: '<' : signed/unsigned mismatch
     1>source\model.cpp(235): warning C4018: '<' : signed/unsigned mismatch
     1>source\Win32_RoomTiny_Main.cpp(189): warning C4100: 'useHmdToEyeViewOffset' : unreferenced formal parameter
     1>source\Win32_RoomTiny_Main.cpp(189): warning C4100: 'pTimesToRenderScene' : unreferenced formal parameter
     1>source\Win32_RoomTiny_Main.cpp(189): warning C4100: 'pSpeed' : unreferenced formal parameter
       Link:
         C:\Program Files (x86)\Microsoft Visual Studio 12.0\VC\bin\link.exe /ERRORREPORT:PROMPT /OUT:"Bin/Debug/Win32/VR-Monitors.exe" /INCREMENTAL /NOLOGO /LIBPATH:LibOVR\Lib\Win32\VS2013 ws2_32.lib Dbghelp.lib libovrd.lib dxgi.lib dxguid.lib d3d10.lib d3d11.lib d3dcompiler.lib winmm.lib kernel32.lib user32.lib gdi32.lib winspool.lib comdlg32.lib advapi32.lib shell32.lib ole32.lib oleaut32.lib uuid.lib odbc32.lib odbccp32.lib kernel32.lib user32.lib gdi32.lib winspool.lib comdlg32.lib advapi32.lib shell32.lib ole32.lib oleaut32.lib uuid.lib odbc32.lib odbccp32.lib /MANIFEST /MANIFESTUAC:"level='asInvoker' uiAccess='false'" /manifest:embed /DEBUG /PDB:"Bin/Debug/Win32/VR-Monitors.pdb" /SUBSYSTEM:WINDOWS /TLBID:1 /DYNAMICBASE /NXCOMPAT /IMPLIB:"Bin/Debug/Win32/VR-Monitors.lib" /MACHINE:X86 Obj/Debug/Win32/DDSTextureLoader.obj
         Obj/Debug/Win32/desktop.obj
         Obj/Debug/Win32/scene.obj
         Obj/Debug/Win32/model.obj
         Obj/Debug/Win32/Win32_DX11AppUtil.obj
         Obj/Debug/Win32/Win32_RoomTiny_Main.obj
         "C:\VR-Monitors\DirectX Version\DirectXTex\DirectXTex\Bin\Desktop_2013\Win32\Debug\DirectXTex.lib"
         OculusRoomTiny.vcxproj -> C:\VR-Monitors\DirectX Version\Bin/Debug/Win32/VR-Monitors.exe
     1>Done Building Project "C:\VR-Monitors\DirectX Version\OculusRoomTiny.vcxproj" (Build target(s)).

Build succeeded.

Time Elapsed 00:00:00.96
