Build started 1/25/2015 6:09:38 PM.
     1>Project "C:\Users\QuigBotII\GIT_REPOS\VR-Monitors\skyboxdx11\D3D11_sky_mapping\D3D11_sky_mapping\D3D11_sky_mapping.vcxproj" on node 2 (Build target(s)).
     1>ClCompile:
         C:\Program Files (x86)\Microsoft Visual Studio 12.0\VC\bin\CL.exe /c /ZI /nologo /W3 /WX- /Od /Oy- /D WIN32 /D _DEBUG /D _WINDOWS /D _UNICODE /D UNICODE /Gm /EHsc /RTC1 /MDd /GS /fp:precise /Zc:wchar_t /Zc:forScope /Fo"Debug\\" /Fd"Debug\vc120.pdb" /Gd /TP /analyze- /errorReport:prompt main.cpp
         main.cpp
     1>c:\_dev_home\include\dxgitype.h(12): warning C4005: 'DXGI_STATUS_OCCLUDED' : macro redefinition
                 c:\program files (x86)\windows kits\8.1\include\shared\winerror.h(50002) : see previous definition of 'DXGI_STATUS_OCCLUDED'
     1>c:\_dev_home\include\dxgitype.h(13): warning C4005: 'DXGI_STATUS_CLIPPED' : macro redefinition
                 c:\program files (x86)\windows kits\8.1\include\shared\winerror.h(50011) : see previous definition of 'DXGI_STATUS_CLIPPED'
     1>c:\_dev_home\include\dxgitype.h(14): warning C4005: 'DXGI_STATUS_NO_REDIRECTION' : macro redefinition
                 c:\program files (x86)\windows kits\8.1\include\shared\winerror.h(50020) : see previous definition of 'DXGI_STATUS_NO_REDIRECTION'
     1>c:\_dev_home\include\dxgitype.h(15): warning C4005: 'DXGI_STATUS_NO_DESKTOP_ACCESS' : macro redefinition
                 c:\program files (x86)\windows kits\8.1\include\shared\winerror.h(50029) : see previous definition of 'DXGI_STATUS_NO_DESKTOP_ACCESS'
     1>c:\_dev_home\include\dxgitype.h(16): warning C4005: 'DXGI_STATUS_GRAPHICS_VIDPN_SOURCE_IN_USE' : macro redefinition
                 c:\program files (x86)\windows kits\8.1\include\shared\winerror.h(50038) : see previous definition of 'DXGI_STATUS_GRAPHICS_VIDPN_SOURCE_IN_USE'
     1>c:\_dev_home\include\dxgitype.h(17): warning C4005: 'DXGI_STATUS_MODE_CHANGED' : macro redefinition
                 c:\program files (x86)\windows kits\8.1\include\shared\winerror.h(50047) : see previous definition of 'DXGI_STATUS_MODE_CHANGED'
     1>c:\_dev_home\include\dxgitype.h(18): warning C4005: 'DXGI_STATUS_MODE_CHANGE_IN_PROGRESS' : macro redefinition
                 c:\program files (x86)\windows kits\8.1\include\shared\winerror.h(50056) : see previous definition of 'DXGI_STATUS_MODE_CHANGE_IN_PROGRESS'
     1>c:\_dev_home\include\dxgitype.h(21): warning C4005: 'DXGI_ERROR_INVALID_CALL' : macro redefinition
                 c:\program files (x86)\windows kits\8.1\include\shared\winerror.h(50071) : see previous definition of 'DXGI_ERROR_INVALID_CALL'
     1>c:\_dev_home\include\dxgitype.h(22): warning C4005: 'DXGI_ERROR_NOT_FOUND' : macro redefinition
                 c:\program files (x86)\windows kits\8.1\include\shared\winerror.h(50080) : see previous definition of 'DXGI_ERROR_NOT_FOUND'
     1>c:\_dev_home\include\dxgitype.h(23): warning C4005: 'DXGI_ERROR_MORE_DATA' : macro redefinition
                 c:\program files (x86)\windows kits\8.1\include\shared\winerror.h(50089) : see previous definition of 'DXGI_ERROR_MORE_DATA'
     1>c:\_dev_home\include\dxgitype.h(24): warning C4005: 'DXGI_ERROR_UNSUPPORTED' : macro redefinition
                 c:\program files (x86)\windows kits\8.1\include\shared\winerror.h(50098) : see previous definition of 'DXGI_ERROR_UNSUPPORTED'
     1>c:\_dev_home\include\dxgitype.h(25): warning C4005: 'DXGI_ERROR_DEVICE_REMOVED' : macro redefinition
                 c:\program files (x86)\windows kits\8.1\include\shared\winerror.h(50107) : see previous definition of 'DXGI_ERROR_DEVICE_REMOVED'
     1>c:\_dev_home\include\dxgitype.h(26): warning C4005: 'DXGI_ERROR_DEVICE_HUNG' : macro redefinition
                 c:\program files (x86)\windows kits\8.1\include\shared\winerror.h(50116) : see previous definition of 'DXGI_ERROR_DEVICE_HUNG'
     1>c:\_dev_home\include\dxgitype.h(27): warning C4005: 'DXGI_ERROR_DEVICE_RESET' : macro redefinition
                 c:\program files (x86)\windows kits\8.1\include\shared\winerror.h(50126) : see previous definition of 'DXGI_ERROR_DEVICE_RESET'
     1>c:\_dev_home\include\dxgitype.h(28): warning C4005: 'DXGI_ERROR_WAS_STILL_DRAWING' : macro redefinition
                 c:\program files (x86)\windows kits\8.1\include\shared\winerror.h(50135) : see previous definition of 'DXGI_ERROR_WAS_STILL_DRAWING'
     1>c:\_dev_home\include\dxgitype.h(29): warning C4005: 'DXGI_ERROR_FRAME_STATISTICS_DISJOINT' : macro redefinition
                 c:\program files (x86)\windows kits\8.1\include\shared\winerror.h(50145) : see previous definition of 'DXGI_ERROR_FRAME_STATISTICS_DISJOINT'
     1>c:\_dev_home\include\dxgitype.h(30): warning C4005: 'DXGI_ERROR_GRAPHICS_VIDPN_SOURCE_IN_USE' : macro redefinition
                 c:\program files (x86)\windows kits\8.1\include\shared\winerror.h(50154) : see previous definition of 'DXGI_ERROR_GRAPHICS_VIDPN_SOURCE_IN_USE'
     1>c:\_dev_home\include\dxgitype.h(31): warning C4005: 'DXGI_ERROR_DRIVER_INTERNAL_ERROR' : macro redefinition
                 c:\program files (x86)\windows kits\8.1\include\shared\winerror.h(50164) : see previous definition of 'DXGI_ERROR_DRIVER_INTERNAL_ERROR'
     1>c:\_dev_home\include\dxgitype.h(32): warning C4005: 'DXGI_ERROR_NONEXCLUSIVE' : macro redefinition
                 c:\program files (x86)\windows kits\8.1\include\shared\winerror.h(50173) : see previous definition of 'DXGI_ERROR_NONEXCLUSIVE'
     1>c:\_dev_home\include\dxgitype.h(33): warning C4005: 'DXGI_ERROR_NOT_CURRENTLY_AVAILABLE' : macro redefinition
                 c:\program files (x86)\windows kits\8.1\include\shared\winerror.h(50182) : see previous definition of 'DXGI_ERROR_NOT_CURRENTLY_AVAILABLE'
     1>c:\_dev_home\include\dxgitype.h(34): warning C4005: 'DXGI_ERROR_REMOTE_CLIENT_DISCONNECTED' : macro redefinition
                 c:\program files (x86)\windows kits\8.1\include\shared\winerror.h(50192) : see previous definition of 'DXGI_ERROR_REMOTE_CLIENT_DISCONNECTED'
     1>c:\_dev_home\include\dxgitype.h(35): warning C4005: 'DXGI_ERROR_REMOTE_OUTOFMEMORY' : macro redefinition
                 c:\program files (x86)\windows kits\8.1\include\shared\winerror.h(50201) : see previous definition of 'DXGI_ERROR_REMOTE_OUTOFMEMORY'
     1>c:\_dev_home\include\d3d11.h(917): warning C4005: 'D3D11_ERROR_TOO_MANY_UNIQUE_STATE_OBJECTS' : macro redefinition
                 c:\program files (x86)\windows kits\8.1\include\shared\winerror.h(50379) : see previous definition of 'D3D11_ERROR_TOO_MANY_UNIQUE_STATE_OBJECTS'
     1>c:\_dev_home\include\d3d11.h(918): warning C4005: 'D3D11_ERROR_FILE_NOT_FOUND' : macro redefinition
                 c:\program files (x86)\windows kits\8.1\include\shared\winerror.h(50388) : see previous definition of 'D3D11_ERROR_FILE_NOT_FOUND'
     1>c:\_dev_home\include\d3d11.h(919): warning C4005: 'D3D11_ERROR_TOO_MANY_UNIQUE_VIEW_OBJECTS' : macro redefinition
                 c:\program files (x86)\windows kits\8.1\include\shared\winerror.h(50398) : see previous definition of 'D3D11_ERROR_TOO_MANY_UNIQUE_VIEW_OBJECTS'
     1>c:\_dev_home\include\d3d11.h(920): warning C4005: 'D3D11_ERROR_DEFERRED_CONTEXT_MAP_WITHOUT_INITIAL_DISCARD' : macro redefinition
                 c:\program files (x86)\windows kits\8.1\include\shared\winerror.h(50407) : see previous definition of 'D3D11_ERROR_DEFERRED_CONTEXT_MAP_WITHOUT_INITIAL_DISCARD'
     1>c:\_dev_home\include\d3d10.h(608): warning C4005: 'D3D10_ERROR_TOO_MANY_UNIQUE_STATE_OBJECTS' : macro redefinition
                 c:\program files (x86)\windows kits\8.1\include\shared\winerror.h(50355) : see previous definition of 'D3D10_ERROR_TOO_MANY_UNIQUE_STATE_OBJECTS'
     1>c:\_dev_home\include\d3d10.h(609): warning C4005: 'D3D10_ERROR_FILE_NOT_FOUND' : macro redefinition
                 c:\program files (x86)\windows kits\8.1\include\shared\winerror.h(50364) : see previous definition of 'D3D10_ERROR_FILE_NOT_FOUND'
     1>c:\_dev_home\include\d2derr.h(59): warning C4005: 'D2DERR_WRONG_STATE' : macro redefinition
                 c:\program files (x86)\windows kits\8.1\include\shared\winerror.h(50421) : see previous definition of 'D2DERR_WRONG_STATE'
     1>c:\_dev_home\include\d2derr.h(64): warning C4005: 'D2DERR_NOT_INITIALIZED' : macro redefinition
                 c:\program files (x86)\windows kits\8.1\include\shared\winerror.h(50430) : see previous definition of 'D2DERR_NOT_INITIALIZED'
     1>c:\_dev_home\include\d2derr.h(69): warning C4005: 'D2DERR_UNSUPPORTED_OPERATION' : macro redefinition
                 c:\program files (x86)\windows kits\8.1\include\shared\winerror.h(50439) : see previous definition of 'D2DERR_UNSUPPORTED_OPERATION'
     1>c:\_dev_home\include\d2derr.h(74): warning C4005: 'D2DERR_SCANNER_FAILED' : macro redefinition
                 c:\program files (x86)\windows kits\8.1\include\shared\winerror.h(50448) : see previous definition of 'D2DERR_SCANNER_FAILED'
     1>c:\_dev_home\include\d2derr.h(79): warning C4005: 'D2DERR_SCREEN_ACCESS_DENIED' : macro redefinition
                 c:\program files (x86)\windows kits\8.1\include\shared\winerror.h(50457) : see previous definition of 'D2DERR_SCREEN_ACCESS_DENIED'
     1>c:\_dev_home\include\d2derr.h(84): warning C4005: 'D2DERR_DISPLAY_STATE_INVALID' : macro redefinition
                 c:\program files (x86)\windows kits\8.1\include\shared\winerror.h(50466) : see previous definition of 'D2DERR_DISPLAY_STATE_INVALID'
     1>c:\_dev_home\include\d2derr.h(89): warning C4005: 'D2DERR_ZERO_VECTOR' : macro redefinition
                 c:\program files (x86)\windows kits\8.1\include\shared\winerror.h(50475) : see previous definition of 'D2DERR_ZERO_VECTOR'
     1>c:\_dev_home\include\d2derr.h(97): warning C4005: 'D2DERR_INTERNAL_ERROR' : macro redefinition
                 c:\program files (x86)\windows kits\8.1\include\shared\winerror.h(50484) : see previous definition of 'D2DERR_INTERNAL_ERROR'
     1>c:\_dev_home\include\d2derr.h(103): warning C4005: 'D2DERR_DISPLAY_FORMAT_NOT_SUPPORTED' : macro redefinition
                 c:\program files (x86)\windows kits\8.1\include\shared\winerror.h(50493) : see previous definition of 'D2DERR_DISPLAY_FORMAT_NOT_SUPPORTED'
     1>c:\_dev_home\include\d2derr.h(108): warning C4005: 'D2DERR_INVALID_CALL' : macro redefinition
                 c:\program files (x86)\windows kits\8.1\include\shared\winerror.h(50502) : see previous definition of 'D2DERR_INVALID_CALL'
     1>c:\_dev_home\include\d2derr.h(113): warning C4005: 'D2DERR_NO_HARDWARE_DEVICE' : macro redefinition
                 c:\program files (x86)\windows kits\8.1\include\shared\winerror.h(50511) : see previous definition of 'D2DERR_NO_HARDWARE_DEVICE'
     1>c:\_dev_home\include\d2derr.h(119): warning C4005: 'D2DERR_RECREATE_TARGET' : macro redefinition
                 c:\program files (x86)\windows kits\8.1\include\shared\winerror.h(50520) : see previous definition of 'D2DERR_RECREATE_TARGET'
     1>c:\_dev_home\include\d2derr.h(124): warning C4005: 'D2DERR_TOO_MANY_SHADER_ELEMENTS' : macro redefinition
                 c:\program files (x86)\windows kits\8.1\include\shared\winerror.h(50529) : see previous definition of 'D2DERR_TOO_MANY_SHADER_ELEMENTS'
     1>c:\_dev_home\include\d2derr.h(129): warning C4005: 'D2DERR_SHADER_COMPILE_FAILED' : macro redefinition
                 c:\program files (x86)\windows kits\8.1\include\shared\winerror.h(50538) : see previous definition of 'D2DERR_SHADER_COMPILE_FAILED'
     1>c:\_dev_home\include\d2derr.h(134): warning C4005: 'D2DERR_MAX_TEXTURE_SIZE_EXCEEDED' : macro redefinition
                 c:\program files (x86)\windows kits\8.1\include\shared\winerror.h(50547) : see previous definition of 'D2DERR_MAX_TEXTURE_SIZE_EXCEEDED'
     1>c:\_dev_home\include\d2derr.h(139): warning C4005: 'D2DERR_UNSUPPORTED_VERSION' : macro redefinition
                 c:\program files (x86)\windows kits\8.1\include\shared\winerror.h(50556) : see previous definition of 'D2DERR_UNSUPPORTED_VERSION'
     1>c:\_dev_home\include\d2derr.h(144): warning C4005: 'D2DERR_BAD_NUMBER' : macro redefinition
                 c:\program files (x86)\windows kits\8.1\include\shared\winerror.h(50565) : see previous definition of 'D2DERR_BAD_NUMBER'
     1>c:\_dev_home\include\d2derr.h(149): warning C4005: 'D2DERR_WRONG_FACTORY' : macro redefinition
                 c:\program files (x86)\windows kits\8.1\include\shared\winerror.h(50574) : see previous definition of 'D2DERR_WRONG_FACTORY'
     1>c:\_dev_home\include\d2derr.h(154): warning C4005: 'D2DERR_LAYER_ALREADY_IN_USE' : macro redefinition
                 c:\program files (x86)\windows kits\8.1\include\shared\winerror.h(50583) : see previous definition of 'D2DERR_LAYER_ALREADY_IN_USE'
     1>c:\_dev_home\include\d2derr.h(159): warning C4005: 'D2DERR_POP_CALL_DID_NOT_MATCH_PUSH' : macro redefinition
                 c:\program files (x86)\windows kits\8.1\include\shared\winerror.h(50592) : see previous definition of 'D2DERR_POP_CALL_DID_NOT_MATCH_PUSH'
     1>c:\_dev_home\include\d2derr.h(164): warning C4005: 'D2DERR_WRONG_RESOURCE_DOMAIN' : macro redefinition
                 c:\program files (x86)\windows kits\8.1\include\shared\winerror.h(50601) : see previous definition of 'D2DERR_WRONG_RESOURCE_DOMAIN'
     1>c:\_dev_home\include\d2derr.h(169): warning C4005: 'D2DERR_PUSH_POP_UNBALANCED' : macro redefinition
                 c:\program files (x86)\windows kits\8.1\include\shared\winerror.h(50610) : see previous definition of 'D2DERR_PUSH_POP_UNBALANCED'
     1>c:\_dev_home\include\d2derr.h(174): warning C4005: 'D2DERR_RENDER_TARGET_HAS_LAYER_OR_CLIPRECT' : macro redefinition
                 c:\program files (x86)\windows kits\8.1\include\shared\winerror.h(50619) : see previous definition of 'D2DERR_RENDER_TARGET_HAS_LAYER_OR_CLIPRECT'
     1>c:\_dev_home\include\d2derr.h(179): warning C4005: 'D2DERR_INCOMPATIBLE_BRUSH_TYPES' : macro redefinition
                 c:\program files (x86)\windows kits\8.1\include\shared\winerror.h(50628) : see previous definition of 'D2DERR_INCOMPATIBLE_BRUSH_TYPES'
     1>c:\_dev_home\include\d2derr.h(184): warning C4005: 'D2DERR_WIN32_ERROR' : macro redefinition
                 c:\program files (x86)\windows kits\8.1\include\shared\winerror.h(50637) : see previous definition of 'D2DERR_WIN32_ERROR'
     1>c:\_dev_home\include\d2derr.h(189): warning C4005: 'D2DERR_TARGET_NOT_GDI_COMPATIBLE' : macro redefinition
                 c:\program files (x86)\windows kits\8.1\include\shared\winerror.h(50646) : see previous definition of 'D2DERR_TARGET_NOT_GDI_COMPATIBLE'
     1>c:\_dev_home\include\d2derr.h(194): warning C4005: 'D2DERR_TEXT_EFFECT_IS_WRONG_TYPE' : macro redefinition
                 c:\program files (x86)\windows kits\8.1\include\shared\winerror.h(50655) : see previous definition of 'D2DERR_TEXT_EFFECT_IS_WRONG_TYPE'
     1>c:\_dev_home\include\d2derr.h(201): warning C4005: 'D2DERR_TEXT_RENDERER_NOT_RELEASED' : macro redefinition
                 c:\program files (x86)\windows kits\8.1\include\shared\winerror.h(50664) : see previous definition of 'D2DERR_TEXT_RENDERER_NOT_RELEASED'
     1>c:\_dev_home\include\d2derr.h(206): warning C4005: 'D2DERR_EXCEEDS_MAX_BITMAP_SIZE' : macro redefinition
                 c:\program files (x86)\windows kits\8.1\include\shared\winerror.h(50673) : see previous definition of 'D2DERR_EXCEEDS_MAX_BITMAP_SIZE'
     1>c:\_dev_home\include\dwrite.h(4962): warning C4005: 'DWRITE_E_FILEFORMAT' : macro redefinition
                 c:\program files (x86)\windows kits\8.1\include\shared\winerror.h(50831) : see previous definition of 'DWRITE_E_FILEFORMAT'
     1>c:\_dev_home\include\dwrite.h(4967): warning C4005: 'DWRITE_E_UNEXPECTED' : macro redefinition
                 c:\program files (x86)\windows kits\8.1\include\shared\winerror.h(50840) : see previous definition of 'DWRITE_E_UNEXPECTED'
     1>c:\_dev_home\include\dwrite.h(4972): warning C4005: 'DWRITE_E_NOFONT' : macro redefinition
                 c:\program files (x86)\windows kits\8.1\include\shared\winerror.h(50849) : see previous definition of 'DWRITE_E_NOFONT'
     1>c:\_dev_home\include\dwrite.h(4978): warning C4005: 'DWRITE_E_FILENOTFOUND' : macro redefinition
                 c:\program files (x86)\windows kits\8.1\include\shared\winerror.h(50858) : see previous definition of 'DWRITE_E_FILENOTFOUND'
     1>c:\_dev_home\include\dwrite.h(4983): warning C4005: 'DWRITE_E_FILEACCESS' : macro redefinition
                 c:\program files (x86)\windows kits\8.1\include\shared\winerror.h(50867) : see previous definition of 'DWRITE_E_FILEACCESS'
     1>c:\_dev_home\include\dwrite.h(4988): warning C4005: 'DWRITE_E_FONTCOLLECTIONOBSOLETE' : macro redefinition
                 c:\program files (x86)\windows kits\8.1\include\shared\winerror.h(50876) : see previous definition of 'DWRITE_E_FONTCOLLECTIONOBSOLETE'
     1>c:\_dev_home\include\dwrite.h(4993): warning C4005: 'DWRITE_E_ALREADYREGISTERED' : macro redefinition
                 c:\program files (x86)\windows kits\8.1\include\shared\winerror.h(50885) : see previous definition of 'DWRITE_E_ALREADYREGISTERED'
         c:\_dev_home\include\dinput.h: DIRECTINPUT_VERSION undefined. Defaulting to version 0x0800
     1>c:\users\quigbotii\git_repos\vr-monitors\skyboxdx11\d3d11_sky_mapping\d3d11_sky_mapping\main.cpp(570): warning C4244: 'initializing' : conversion from 'double' to 'float', possible loss of data
     1>c:\users\quigbotii\git_repos\vr-monitors\skyboxdx11\d3d11_sky_mapping\d3d11_sky_mapping\main.cpp(676): warning C4018: '<' : signed/unsigned mismatch
     1>c:\users\quigbotii\git_repos\vr-monitors\skyboxdx11\d3d11_sky_mapping\d3d11_sky_mapping\main.cpp(678): warning C4244: '=' : conversion from 'double' to 'float', possible loss of data
     1>c:\users\quigbotii\git_repos\vr-monitors\skyboxdx11\d3d11_sky_mapping\d3d11_sky_mapping\main.cpp(680): warning C4018: '<' : signed/unsigned mismatch
     1>c:\users\quigbotii\git_repos\vr-monitors\skyboxdx11\d3d11_sky_mapping\d3d11_sky_mapping\main.cpp(682): warning C4244: '=' : conversion from 'double' to 'float', possible loss of data
     1>c:\users\quigbotii\git_repos\vr-monitors\skyboxdx11\d3d11_sky_mapping\d3d11_sky_mapping\main.cpp(716): warning C4018: '<' : signed/unsigned mismatch
     1>c:\users\quigbotii\git_repos\vr-monitors\skyboxdx11\d3d11_sky_mapping\d3d11_sky_mapping\main.cpp(729): warning C4018: '<' : signed/unsigned mismatch
     1>c:\users\quigbotii\git_repos\vr-monitors\skyboxdx11\d3d11_sky_mapping\d3d11_sky_mapping\main.cpp(731): warning C4018: '<' : signed/unsigned mismatch
     1>c:\users\quigbotii\git_repos\vr-monitors\skyboxdx11\d3d11_sky_mapping\d3d11_sky_mapping\main.cpp(755): warning C4018: '<' : signed/unsigned mismatch
     1>c:\users\quigbotii\git_repos\vr-monitors\skyboxdx11\d3d11_sky_mapping\d3d11_sky_mapping\main.cpp(931): warning C4244: '=' : conversion from 'int' to 'FLOAT', possible loss of data
     1>c:\users\quigbotii\git_repos\vr-monitors\skyboxdx11\d3d11_sky_mapping\d3d11_sky_mapping\main.cpp(932): warning C4244: '=' : conversion from 'int' to 'FLOAT', possible loss of data
     1>c:\users\quigbotii\git_repos\vr-monitors\skyboxdx11\d3d11_sky_mapping\d3d11_sky_mapping\main.cpp(971): warning C4244: 'argument' : conversion from 'int' to 'FLOAT', possible loss of data
     1>c:\users\quigbotii\git_repos\vr-monitors\skyboxdx11\d3d11_sky_mapping\d3d11_sky_mapping\main.cpp(1091): warning C4244: '=' : conversion from 'float' to '__int64', possible loss of data
     1>c:\users\quigbotii\git_repos\vr-monitors\skyboxdx11\d3d11_sky_mapping\d3d11_sky_mapping\main.cpp(1151): warning C4244: 'argument' : conversion from 'int' to 'FLOAT', possible loss of data
       Link:
         C:\Program Files (x86)\Microsoft Visual Studio 12.0\VC\bin\link.exe /ERRORREPORT:PROMPT /OUT:"C:\Users\QuigBotII\GIT_REPOS\VR-Monitors\skyboxdx11\D3D11_sky_mapping\Debug\D3D11_sky_mapping.exe" /INCREMENTAL /NOLOGO kernel32.lib user32.lib gdi32.lib winspool.lib comdlg32.lib advapi32.lib shell32.lib ole32.lib oleaut32.lib uuid.lib odbc32.lib odbccp32.lib /MANIFEST /MANIFESTUAC:"level='asInvoker' uiAccess='false'" /manifest:embed /DEBUG /PDB:"C:\Users\QuigBotII\GIT_REPOS\VR-Monitors\skyboxdx11\D3D11_sky_mapping\Debug\D3D11_sky_mapping.pdb" /SUBSYSTEM:WINDOWS /TLBID:1 /DYNAMICBASE /NXCOMPAT /IMPLIB:"C:\Users\QuigBotII\GIT_REPOS\VR-Monitors\skyboxdx11\D3D11_sky_mapping\Debug\D3D11_sky_mapping.lib" /MACHINE:X86 Debug\main.obj
         D3D11_sky_mapping.vcxproj -> C:\Users\QuigBotII\GIT_REPOS\VR-Monitors\skyboxdx11\D3D11_sky_mapping\Debug\D3D11_sky_mapping.exe
     1>Done Building Project "C:\Users\QuigBotII\GIT_REPOS\VR-Monitors\skyboxdx11\D3D11_sky_mapping\D3D11_sky_mapping\D3D11_sky_mapping.vcxproj" (Build target(s)).

Build succeeded.

Time Elapsed 00:00:02.31
