c:\vr-monitors\directx version\directxtex\directxtex\bin\desktop_2013\win32\debug\directxtex.pch
c:\vr-monitors\directx version\directxtex\directxtex\bin\desktop_2013\win32\debug\directxtex.pdb
c:\vr-monitors\directx version\directxtex\directxtex\bin\desktop_2013\win32\debug\directxtex.idb
c:\vr-monitors\directx version\directxtex\directxtex\bin\desktop_2013\win32\debug\directxtexutil.obj
c:\vr-monitors\directx version\directxtex\directxtex\bin\desktop_2013\win32\debug\directxtexwic.obj
c:\vr-monitors\directx version\directxtex\directxtex\bin\desktop_2013\win32\debug\directxtextga.obj
c:\vr-monitors\directx version\directxtex\directxtex\bin\desktop_2013\win32\debug\directxtexresize.obj
c:\vr-monitors\directx version\directxtex\directxtex\bin\desktop_2013\win32\debug\directxtexpmalpha.obj
c:\vr-monitors\directx version\directxtex\directxtex\bin\desktop_2013\win32\debug\directxtexnormalmaps.obj
c:\vr-monitors\directx version\directxtex\directxtex\bin\desktop_2013\win32\debug\directxtexmisc.obj
c:\vr-monitors\directx version\directxtex\directxtex\bin\desktop_2013\win32\debug\directxtexmipmaps.obj
c:\vr-monitors\directx version\directxtex\directxtex\bin\desktop_2013\win32\debug\directxteximage.obj
c:\vr-monitors\directx version\directxtex\directxtex\bin\desktop_2013\win32\debug\directxtexfliprotate.obj
c:\vr-monitors\directx version\directxtex\directxtex\bin\desktop_2013\win32\debug\directxtexdds.obj
c:\vr-monitors\directx version\directxtex\directxtex\bin\desktop_2013\win32\debug\directxtexd3d11.obj
c:\vr-monitors\directx version\directxtex\directxtex\bin\desktop_2013\win32\debug\directxtexconvert.obj
c:\vr-monitors\directx version\directxtex\directxtex\bin\desktop_2013\win32\debug\directxtexcompressgpu.obj
c:\vr-monitors\directx version\directxtex\directxtex\bin\desktop_2013\win32\debug\directxtexcompress.obj
c:\vr-monitors\directx version\directxtex\directxtex\bin\desktop_2013\win32\debug\bcdirectcompute.obj
c:\vr-monitors\directx version\directxtex\directxtex\bin\desktop_2013\win32\debug\bc6hbc7.obj
c:\vr-monitors\directx version\directxtex\directxtex\bin\desktop_2013\win32\debug\bc4bc5.obj
c:\vr-monitors\directx version\directxtex\directxtex\bin\desktop_2013\win32\debug\bc.obj
c:\vr-monitors\directx version\directxtex\directxtex\bin\desktop_2013\win32\debug\directxtex.lib
c:\vr-monitors\directx version\directxtex\directxtex\bin\desktop_2013\win32\debug\directxtex.tlog\cl.command.1.tlog
c:\vr-monitors\directx version\directxtex\directxtex\bin\desktop_2013\win32\debug\directxtex.tlog\cl.read.1.tlog
c:\vr-monitors\directx version\directxtex\directxtex\bin\desktop_2013\win32\debug\directxtex.tlog\cl.write.1.tlog
c:\vr-monitors\directx version\directxtex\directxtex\bin\desktop_2013\win32\debug\directxtex.tlog\lib-link.read.1.tlog
c:\vr-monitors\directx version\directxtex\directxtex\bin\desktop_2013\win32\debug\directxtex.tlog\lib-link.write.1.tlog
c:\vr-monitors\directx version\directxtex\directxtex\bin\desktop_2013\win32\debug\directxtex.tlog\lib.command.1.tlog
