Build started 2/11/2015 8:47:34 PM.
     1>Project "C:\VR-Monitors\DirectX Version\DirectXTex\DirectXTex\DirectXTex_Desktop_2013.vcxproj" on node 2 (Build target(s)).
     1>ClCompile:
         C:\Program Files (x86)\Microsoft Visual Studio 12.0\VC\bin\CL.exe /c /ZI /nologo /W4 /WX- /Od /Oi /Oy- /D _UNICODE /D UNICODE /D WIN32 /D _DEBUG /D _LIB /D _WIN7_PLATFORM_UPDATE /D _WIN32_WINNT=0x0600 /D _UNICODE /D UNICODE /Gm- /EHsc /RTC1 /MDd /GS /arch:SSE2 /fp:fast /Zc:wchar_t /Zc:forScope /openmp /Yc"DirectXTexP.h" /Fp"Bin\Desktop_2013\Win32\Debug\DirectXTex.pch" /Fo"Bin\Desktop_2013\Win32\Debug\\" /Fd"Bin\Desktop_2013\Win32\Debug\DirectXTex.pdb" /Gd /TP /analyze- /errorReport:prompt  DirectXTexUtil.cpp
         DirectXTexUtil.cpp
         C:\Program Files (x86)\Microsoft Visual Studio 12.0\VC\bin\CL.exe /c /ZI /nologo /W4 /WX- /Od /Oi /Oy- /D _UNICODE /D UNICODE /D WIN32 /D _DEBUG /D _LIB /D _WIN7_PLATFORM_UPDATE /D _WIN32_WINNT=0x0600 /D _UNICODE /D UNICODE /Gm- /EHsc /RTC1 /MDd /GS /arch:SSE2 /fp:fast /Zc:wchar_t /Zc:forScope /openmp /Yu"DirectXTexP.h" /Fp"Bin\Desktop_2013\Win32\Debug\DirectXTex.pch" /Fo"Bin\Desktop_2013\Win32\Debug\\" /Fd"Bin\Desktop_2013\Win32\Debug\DirectXTex.pdb" /Gd /TP /analyze- /errorReport:prompt  BC.cpp BC4BC5.cpp BC6HBC7.cpp BCDirectCompute.cpp DirectXTexCompress.cpp DirectXTexCompressGPU.cpp DirectXTexConvert.cpp DirectXTexD3D11.cpp DirectXTexDDS.cpp DirectXTexFlipRotate.cpp DirectXTexImage.cpp DirectXTexMipMaps.cpp DirectXTexMisc.cpp DirectXTexNormalMaps.cpp DirectXTexPMAlpha.cpp DirectXTexResize.cpp DirectXTexTGA.cpp DirectXTexWIC.cpp
         BC.cpp
         BC4BC5.cpp
         BC6HBC7.cpp
         BCDirectCompute.cpp
         DirectXTexCompress.cpp
         DirectXTexCompressGPU.cpp
         DirectXTexConvert.cpp
         DirectXTexD3D11.cpp
         DirectXTexDDS.cpp
         DirectXTexFlipRotate.cpp
         DirectXTexImage.cpp
         DirectXTexMipMaps.cpp
         DirectXTexMisc.cpp
         DirectXTexNormalMaps.cpp
         DirectXTexPMAlpha.cpp
         DirectXTexResize.cpp
         DirectXTexTGA.cpp
         DirectXTexWIC.cpp
         Generating Code...
       Lib:
         C:\Program Files (x86)\Microsoft Visual Studio 12.0\VC\bin\Lib.exe /OUT:"Bin\Desktop_2013\Win32\Debug\DirectXTex.lib" /NOLOGO Bin\Desktop_2013\Win32\Debug\BC.obj
         Bin\Desktop_2013\Win32\Debug\BC4BC5.obj
         Bin\Desktop_2013\Win32\Debug\BC6HBC7.obj
         Bin\Desktop_2013\Win32\Debug\BCDirectCompute.obj
         Bin\Desktop_2013\Win32\Debug\DirectXTexCompress.obj
         Bin\Desktop_2013\Win32\Debug\DirectXTexCompressGPU.obj
         Bin\Desktop_2013\Win32\Debug\DirectXTexConvert.obj
         Bin\Desktop_2013\Win32\Debug\DirectXTexD3D11.obj
         Bin\Desktop_2013\Win32\Debug\DirectXTexDDS.obj
         Bin\Desktop_2013\Win32\Debug\DirectXTexFlipRotate.obj
         Bin\Desktop_2013\Win32\Debug\DirectXTexImage.obj
         Bin\Desktop_2013\Win32\Debug\DirectXTexMipMaps.obj
         Bin\Desktop_2013\Win32\Debug\DirectXTexMisc.obj
         Bin\Desktop_2013\Win32\Debug\DirectXTexNormalMaps.obj
         Bin\Desktop_2013\Win32\Debug\DirectXTexPMAlpha.obj
         Bin\Desktop_2013\Win32\Debug\DirectXTexResize.obj
         Bin\Desktop_2013\Win32\Debug\DirectXTexTGA.obj
         Bin\Desktop_2013\Win32\Debug\DirectXTexUtil.obj
         Bin\Desktop_2013\Win32\Debug\DirectXTexWIC.obj
         DirectXTex_Desktop_2013.vcxproj -> C:\VR-Monitors\DirectX Version\DirectXTex\DirectXTex\Bin\Desktop_2013\Win32\Debug\DirectXTex.lib
     1>Done Building Project "C:\VR-Monitors\DirectX Version\DirectXTex\DirectXTex\DirectXTex_Desktop_2013.vcxproj" (Build target(s)).

Build succeeded.

Time Elapsed 00:00:02.35
